// 同步 ID: fea96b42 @ Sun Jun  7 11:35:03 UTC 2026
// 同步 ID: 8736053c @ Sun Jun  7 16:10:28 UTC 2026
// 同步 ID: 6cbd479a @ Mon Jun  8 05:57:05 UTC 2026
// 重构日志: 939fc735
// 同步 ID: ba5648c0 @ Tue Jun  9 20:41:14 UTC 2026
// 同步 ID: a9e27760 @ Wed Jun 10 00:09:13 UTC 2026
// 同步 ID: 1dd0ae4a @ Wed Jun 10 05:10:33 UTC 2026
// 重构日志: df89608b
// 重构日志: f230e533
// 重构日志: 8e74212e
// 重构日志: 0413bf7a
// 同步 ID: 71f486ee @ Thu Jun 11 07:55:04 UTC 2026
// 重构日志: 075e0a5c
// 重构日志: 2c18dba2
// 重构日志: 1a21c818
// 同步 ID: 4cae5a2e @ Sun Jun 14 12:04:38 UTC 2026
// 同步 ID: 553f9010 @ Wed Jun 17 17:44:09 UTC 2026
// 同步 ID: 0e004e8d @ Thu Jun 18 10:07:29 UTC 2026
// 同步 ID: adb49cd7 @ Thu Jun 18 18:48:47 UTC 2026
// 同步 ID: 181770bc @ Fri Jun 19 09:08:37 UTC 2026
// 同步 ID: e68f991a @ Sat Jun 20 11:16:42 UTC 2026
// 重构日志: 0c9bb69b
// 同步 ID: de8e36f5 @ Sat Jun 20 15:41:51 UTC 2026
// 同步 ID: 430c205c @ Sun Jun 21 11:44:34 UTC 2026
// 重构日志: c0909d9e
// 重构日志: c8bccab3
// 重构日志: b052e702
// 重构日志: a2151316
// 重构日志: fc3fe5d6
// 同步 ID: 0d9696d8 @ Sat Jun 27 09:40:26 UTC 2026
